Sun Jul  6 17:32:22 EEST 2025
Linux localhost 5.15.148-android13-8-00004-ge488687c12ef-ab11838684 #1 SMP PREEMPT Tue May 14 09:27:18 UTC 2024 aarch64 Android
make is /data/data/com.termux/files/usr/bin/make
autoconf is /data/data/com.termux/files/usr/bin/autoconf
automake is /data/data/com.termux/files/usr/bin/automake
m4 is /data/data/com.termux/files/usr/bin/m4
getconf is /system/bin/getconf
gzip is /data/data/com.termux/files/usr/bin/gzip
bzip2 is /data/data/com.termux/files/usr/bin/bzip2
bison is /data/data/com.termux/files/usr/bin/bison
g++ is /data/data/com.termux/files/usr/bin/g++
git is /data/data/com.termux/files/usr/bin/git
cmake is /data/data/com.termux/files/usr/bin/cmake
pkg-config is /data/data/com.termux/files/usr/bin/pkg-config
re2c is /data/data/com.termux/files/usr/bin/re2c
wget is /data/data/com.termux/files/usr/bin/wget
libtool is /data/data/com.termux/files/usr/bin/libtool
wget is /data/data/com.termux/files/usr/bin/wget
gcc is /data/data/com.termux/files/usr/bin/gcc
gcc: error: unknown argument: '-fpredictive-commoning'
gcc: error: unknown argument: '-ftree-loop-im'
gcc: warning: optimization flag '-funsafe-loop-optimizations' is not supported [-Wignored-optimization-argument]
gcc: warning: optimization flag '-ftracer' is not supported [-Wignored-optimization-argument]
gcc: warning: optimization flag '-frename-registers' is not supported [-Wignored-optimization-argument]
gcc: warning: optimization flag '-funswitch-loops' is not supported [-Wignored-optimization-argument]
gcc: warning: optimization flag '-fivopts' is not supported [-Wignored-optimization-argument]
gcc: warning: optimization flag '-fno-gcse' is not supported [-Wignored-optimization-argument]
Cache hit for URL: https://github.com/php/php-src/archive/php-8.2.28.tar.gz
Cache hit for URL: https://github.com/madler/zlib/archive/v1.3.1.tar.gz
Checking for shared library support...
No shared library support; try without defining CC and CFLAGS
Building static library libz.a version 1.3.1 with gcc.
Checking for size_t... Yes.
Checking for off64_t... Yes.
Checking for fseeko... Yes.
Checking for strerror... Yes.
Checking for unistd.h... Yes.
Checking for stdarg.h... Yes.
Checking whether to use vs[n]printf() or s[n]printf()... using vs[n]printf().
Checking for vsnprintf() in stdio.h... Yes.
Checking for return value of vsnprintf()... Yes.
Checking for attribute(visibility) support... Yes.
gcc -O2 -fPIC -march=native -mtune=native  -O2 -march=native -mtune=native  -O2 -ftree-vectorize -fomit-frame-pointer -D_LARGEFILE64_SOURCE=1 -DHAVE_HIDDEN -I. -c -o example.o test/example.c
gcc -O2 -fPIC -march=native -mtune=native  -O2 -march=native -mtune=native  -O2 -ftree-vectorize -fomit-frame-pointer -D_LARGEFILE64_SOURCE=1 -DHAVE_HIDDEN  -c -o adler32.o adler32.c
gcc -O2 -fPIC -march=native -mtune=native  -O2 -march=native -mtune=native  -O2 -ftree-vectorize -fomit-frame-pointer -D_LARGEFILE64_SOURCE=1 -DHAVE_HIDDEN  -c -o crc32.o crc32.c
gcc -O2 -fPIC -march=native -mtune=native  -O2 -march=native -mtune=native  -O2 -ftree-vectorize -fomit-frame-pointer -D_LARGEFILE64_SOURCE=1 -DHAVE_HIDDEN  -c -o deflate.o deflate.c
gcc -O2 -fPIC -march=native -mtune=native  -O2 -march=native -mtune=native  -O2 -ftree-vectorize -fomit-frame-pointer -D_LARGEFILE64_SOURCE=1 -DHAVE_HIDDEN  -c -o infback.o infback.c
gcc -O2 -fPIC -march=native -mtune=native  -O2 -march=native -mtune=native  -O2 -ftree-vectorize -fomit-frame-pointer -D_LARGEFILE64_SOURCE=1 -DHAVE_HIDDEN  -c -o inffast.o inffast.c
gcc -O2 -fPIC -march=native -mtune=native  -O2 -march=native -mtune=native  -O2 -ftree-vectorize -fomit-frame-pointer -D_LARGEFILE64_SOURCE=1 -DHAVE_HIDDEN  -c -o inflate.o inflate.c
gcc -O2 -fPIC -march=native -mtune=native  -O2 -march=native -mtune=native  -O2 -ftree-vectorize -fomit-frame-pointer -D_LARGEFILE64_SOURCE=1 -DHAVE_HIDDEN  -c -o inftrees.o inftrees.c
gcc -O2 -fPIC -march=native -mtune=native  -O2 -march=native -mtune=native  -O2 -ftree-vectorize -fomit-frame-pointer -D_LARGEFILE64_SOURCE=1 -DHAVE_HIDDEN  -c -o trees.o trees.c
gcc -O2 -fPIC -march=native -mtune=native  -O2 -march=native -mtune=native  -O2 -ftree-vectorize -fomit-frame-pointer -D_LARGEFILE64_SOURCE=1 -DHAVE_HIDDEN  -c -o zutil.o zutil.c
gcc -O2 -fPIC -march=native -mtune=native  -O2 -march=native -mtune=native  -O2 -ftree-vectorize -fomit-frame-pointer -D_LARGEFILE64_SOURCE=1 -DHAVE_HIDDEN  -c -o compress.o compress.c
gcc -O2 -fPIC -march=native -mtune=native  -O2 -march=native -mtune=native  -O2 -ftree-vectorize -fomit-frame-pointer -D_LARGEFILE64_SOURCE=1 -DHAVE_HIDDEN  -c -o uncompr.o uncompr.c
gcc -O2 -fPIC -march=native -mtune=native  -O2 -march=native -mtune=native  -O2 -ftree-vectorize -fomit-frame-pointer -D_LARGEFILE64_SOURCE=1 -DHAVE_HIDDEN  -c -o gzclose.o gzclose.c
gcc -O2 -fPIC -march=native -mtune=native  -O2 -march=native -mtune=native  -O2 -ftree-vectorize -fomit-frame-pointer -D_LARGEFILE64_SOURCE=1 -DHAVE_HIDDEN  -c -o gzlib.o gzlib.c
gcc -O2 -fPIC -march=native -mtune=native  -O2 -march=native -mtune=native  -O2 -ftree-vectorize -fomit-frame-pointer -D_LARGEFILE64_SOURCE=1 -DHAVE_HIDDEN  -c -o gzread.o gzread.c
gcc -O2 -fPIC -march=native -mtune=native  -O2 -march=native -mtune=native  -O2 -ftree-vectorize -fomit-frame-pointer -D_LARGEFILE64_SOURCE=1 -DHAVE_HIDDEN  -c -o gzwrite.o gzwrite.c
gcc -O2 -fPIC -march=native -mtune=native  -O2 -march=native -mtune=native  -O2 -ftree-vectorize -fomit-frame-pointer -D_LARGEFILE64_SOURCE=1 -DHAVE_HIDDEN -I. -c -o minigzip.o test/minigzip.c
gcc -O2 -fPIC -march=native -mtune=native  -O2 -march=native -mtune=native  -O2 -ftree-vectorize -fomit-frame-pointer -D_LARGEFILE64_SOURCE=1 -DHAVE_HIDDEN -I. -D_FILE_OFFSET_BITS=64 -c -o example64.o test/example.c
gcc -O2 -fPIC -march=native -mtune=native  -O2 -march=native -mtune=native  -O2 -ftree-vectorize -fomit-frame-pointer -D_LARGEFILE64_SOURCE=1 -DHAVE_HIDDEN -I. -D_FILE_OFFSET_BITS=64 -c -o minigzip64.o test/minigzip.c
ar rc libz.a adler32.o crc32.o deflate.o infback.o inffast.o inflate.o inftrees.o trees.o zutil.o compress.o uncompr.o gzclose.o gzlib.o gzread.o gzwrite.o 
/data/data/com.termux/files/usr/bin/sh: 1: ar: Permission denied
make: *** [Makefile:127: libz.a] Error 127
ar rc libz.a adler32.o crc32.o deflate.o infback.o inffast.o inflate.o inftrees.o trees.o zutil.o compress.o uncompr.o gzclose.o gzlib.o gzread.o gzwrite.o 
/data/data/com.termux/files/usr/bin/sh: 1: ar: Permission denied
make: *** [Makefile:127: libz.a] Error 127
